#
# There is insufficient memory for the Java Runtime Environment to continue.
# Native memory allocation (mmap) failed to map 125829120 bytes. Error detail: G1 virtual space
# Possible reasons:
#   The system is out of physical RAM or swap space
#   This process is running with CompressedOops enabled, and the Java Heap may be blocking the growth of the native heap
# Possible solutions:
#   Reduce memory load on the system
#   Increase physical memory or swap space
#   Check if swap backing store is full
#   Decrease Java heap size (-Xmx/-Xms)
#   Decrease number of Java threads
#   Decrease Java thread stack sizes (-Xss)
#   Set larger code cache with -XX:ReservedCodeCacheSize=
#   JVM is running with Unscaled Compressed Oops mode in which the Java heap is
#     placed in the first 4GB address space. The Java Heap base address is the
#     maximum limit for the native heap growth. Please use -XX:HeapBaseMinAddress
#     to set the Java Heap base and to place the Java Heap above 4GB virtual address.
# This output file may be truncated or incomplete.
#
#  Out of Memory Error (os_windows.cpp:3825), pid=24188, tid=8444
#
# JRE version:  (17.0.11) (build )
# Java VM: OpenJDK 64-Bit Server VM (17.0.11+0--11852314, mixed mode, sharing, tiered, compressed oops, compressed class ptrs, g1 gc, windows-amd64)
# No core dump will be written. Minidumps are not enabled by default on client versions of Windows
#

---------------  S U M M A R Y ------------

Command Line: git4idea.http.GitAskPassApp Username for 'https://github.com': 

Host: AMD Ryzen 7 4800H with Radeon Graphics         , 16 cores, 7G,  Windows 11 , 64 bit Build 22621 (10.0.22621.3958)
Time: Sun Aug 18 11:53:26 2024 India Standard Time elapsed time: 0.013425 seconds (0d 0h 0m 0s)

---------------  T H R E A D  ---------------

Current thread (0x000001da6411a6f0):  JavaThread "Unknown thread" [_thread_in_vm, id=8444, stack(0x0000003de2600000,0x0000003de2700000)]

Stack: [0x0000003de2600000,0x0000003de2700000]
Native frames: (J=compiled Java code, j=interpreted, Vv=VM code, C=native code)
V  [jvm.dll+0x687bb9]
V  [jvm.dll+0x84142a]
V  [jvm.dll+0x8430ae]
V  [jvm.dll+0x843713]
V  [jvm.dll+0x24a35f]
V  [jvm.dll+0x684989]
V  [jvm.dll+0x67923a]
V  [jvm.dll+0x30af0b]
V  [jvm.dll+0x3123b6]
V  [jvm.dll+0x361dfe]
V  [jvm.dll+0x36202f]
V  [jvm.dll+0x2e0d38]
V  [jvm.dll+0x2e1ca4]
V  [jvm.dll+0x811f21]
V  [jvm.dll+0x36fb68]
V  [jvm.dll+0x7f0896]
V  [jvm.dll+0x3f3d2f]
V  [jvm.dll+0x3f58e1]
C  [jli.dll+0x528f]
C  [ucrtbase.dll+0x29333]
C  [KERNEL32.DLL+0x1257d]
C  [ntdll.dll+0x5af28]


---------------  P R O C E S S  ---------------

Threads class SMR info:
_java_thread_list=0x00007ffa9c87efd8, length=0, elements={
}

Java Threads: ( => current thread )

Other Threads:
  0x000001da64172ae0 GCTaskThread "GC Thread#0" [stack: 0x0000003de2700000,0x0000003de2800000] [id=6880]
  0x000001da641837c0 ConcurrentGCThread "G1 Main Marker" [stack: 0x0000003de2800000,0x0000003de2900000] [id=22576]
  0x000001da641841e0 ConcurrentGCThread "G1 Conc#0" [stack: 0x0000003de2900000,0x0000003de2a00000] [id=22732]

[error occurred during error reporting (printing all threads), id 0xc0000005, EXCEPTION_ACCESS_VIOLATION (0xc0000005) at pc=0x00007ffa9c031907]

VM state: not at safepoint (not fully initialized)

VM Mutex/Monitor currently owned by a thread:  ([mutex/lock_event])
[0x000001da64115480] Heap_lock - owner thread: 0x000001da6411a6f0

Heap address: 0x0000000089400000, size: 1900 MB, Compressed Oops mode: 32-bit

CDS archive(s) mapped at: [0x0000000000000000-0x0000000000000000-0x0000000000000000), size 0, SharedBaseAddress: 0x0000000800000000, ArchiveRelocationMode: 1.
Narrow klass base: 0x0000000000000000, Narrow klass shift: 0, Narrow klass range: 0x0

GC Precious Log:
<Empty>

Heap:
 garbage-first heap   total 0K, used 0K [0x0000000089400000, 0x0000000100000000)
  region size 1024K, 0 young (0K), 0 survivors (0K)
 Metaspace       used 0K, committed 0K, reserved 0K
  class space    used 0K, committed 0K, reserved 0K

Heap Regions: E=young(eden), S=young(survivor), O=old, HS=humongous(starts), HC=humongous(continues), CS=collection set, F=free, OA=open archive, CA=closed archive, TAMS=top-at-mark-start (previous, next)

Card table byte_map: [0x000001da77230000,0x000001da775f0000] _byte_map_base: 0x000001da76de6000

Marking Bits (Prev, Next): (CMBitMap*) 0x000001da64173100, (CMBitMap*) 0x000001da64173140
 Prev Bits: [0x000001da779b0000, 0x000001da79760000)
 Next Bits: [0x000001da79760000, 0x000001da7b510000)

GC Heap History (0 events):
No events

Dll operation events (1 events):
Event: 0.007 Loaded shared library D:\android studio 2024\jbr\bin\java.dll

Deoptimization events (0 events):
No events

Classes unloaded (0 events):
No events

Classes redefined (0 events):
No events

Internal exceptions (0 events):
No events

VM Operations (0 events):
No events

Events (0 events):
No events


Dynamic libraries:
0x00007ff675fd0000 - 0x00007ff675fda000 	D:\android studio 2024\jbr\bin\java.exe
0x00007ffb454d0000 - 0x00007ffb456e7000 	C:\WINDOWS\SYSTEM32\ntdll.dll
0x00007ffb44550000 - 0x00007ffb44614000 	C:\WINDOWS\System32\KERNEL32.DLL
0x00007ffb42e50000 - 0x00007ffb431fd000 	C:\WINDOWS\System32\KERNELBASE.dll
0x00007ffb42c40000 - 0x00007ffb42d51000 	C:\WINDOWS\System32\ucrtbase.dll
0x00007ffb2fbc0000 - 0x00007ffb2fbd7000 	D:\android studio 2024\jbr\bin\jli.dll
0x00007ffb3e1f0000 - 0x00007ffb3e20b000 	D:\android studio 2024\jbr\bin\VCRUNTIME140.dll
0x00007ffb452d0000 - 0x00007ffb4547e000 	C:\WINDOWS\System32\USER32.dll
0x00007ffb428c0000 - 0x00007ffb428e6000 	C:\WINDOWS\System32\win32u.dll
0x00007ffb44d70000 - 0x00007ffb44d99000 	C:\WINDOWS\System32\GDI32.dll
0x00007ffb3a070000 - 0x00007ffb3a303000 	C:\WINDOWS\WinSxS\amd64_microsoft.windows.common-controls_6595b64144ccf1df_6.0.22621.3672_none_2713b9d173822955\COMCTL32.dll
0x00007ffb42b20000 - 0x00007ffb42c39000 	C:\WINDOWS\System32\gdi32full.dll
0x00007ffb444a0000 - 0x00007ffb44547000 	C:\WINDOWS\System32\msvcrt.dll
0x00007ffb42820000 - 0x00007ffb428ba000 	C:\WINDOWS\System32\msvcp_win.dll
0x00007ffb44180000 - 0x00007ffb441b1000 	C:\WINDOWS\System32\IMM32.DLL
0x00007ffb3f9d0000 - 0x00007ffb3f9dc000 	D:\android studio 2024\jbr\bin\vcruntime140_1.dll
0x00007ffb28da0000 - 0x00007ffb28e2d000 	D:\android studio 2024\jbr\bin\msvcp140.dll
0x00007ffa9bd40000 - 0x00007ffa9c9c3000 	D:\android studio 2024\jbr\bin\server\jvm.dll
0x00007ffb450e0000 - 0x00007ffb45192000 	C:\WINDOWS\System32\ADVAPI32.dll
0x00007ffb44aa0000 - 0x00007ffb44b49000 	C:\WINDOWS\System32\sechost.dll
0x00007ffb427f0000 - 0x00007ffb42818000 	C:\WINDOWS\System32\bcrypt.dll
0x00007ffb441c0000 - 0x00007ffb442d4000 	C:\WINDOWS\System32\RPCRT4.dll
0x00007ffb42500000 - 0x00007ffb4254d000 	C:\WINDOWS\SYSTEM32\POWRPROF.dll
0x00007ffb3f9c0000 - 0x00007ffb3f9c9000 	C:\WINDOWS\SYSTEM32\WSOCK32.dll
0x00007ffb451a0000 - 0x00007ffb45211000 	C:\WINDOWS\System32\WS2_32.dll
0x00007ffb3c250000 - 0x00007ffb3c284000 	C:\WINDOWS\SYSTEM32\WINMM.dll
0x00007ffb3b6e0000 - 0x00007ffb3b6ea000 	C:\WINDOWS\SYSTEM32\VERSION.dll
0x00007ffb424e0000 - 0x00007ffb424f3000 	C:\WINDOWS\SYSTEM32\UMPDC.dll
0x00007ffb41820000 - 0x00007ffb41838000 	C:\WINDOWS\SYSTEM32\kernel.appcore.dll
0x00007ffb3f930000 - 0x00007ffb3f93a000 	D:\android studio 2024\jbr\bin\jimage.dll
0x00007ffb3a3d0000 - 0x00007ffb3a602000 	C:\WINDOWS\SYSTEM32\DBGHELP.DLL
0x00007ffb43da0000 - 0x00007ffb4412d000 	C:\WINDOWS\System32\combase.dll
0x00007ffb43cc0000 - 0x00007ffb43d97000 	C:\WINDOWS\System32\OLEAUT32.dll
0x00007ffb376e0000 - 0x00007ffb37712000 	C:\WINDOWS\SYSTEM32\dbgcore.DLL
0x00007ffb42dd0000 - 0x00007ffb42e4b000 	C:\WINDOWS\System32\bcryptPrimitives.dll
0x00007ffb2fbe0000 - 0x00007ffb2fc05000 	D:\android studio 2024\jbr\bin\java.dll

dbghelp: loaded successfully - version: 4.0.5 - missing functions: none
symbol engine: initialized successfully - sym options: 0x614 - pdb path: .;D:\android studio 2024\jbr\bin;C:\WINDOWS\SYSTEM32;C:\WINDOWS\WinSxS\amd64_microsoft.windows.common-controls_6595b64144ccf1df_6.0.22621.3672_none_2713b9d173822955;D:\android studio 2024\jbr\bin\server

VM Arguments:
java_command: git4idea.http.GitAskPassApp Username for 'https://github.com': 
java_class_path (initial): D:/android studio 2024/plugins/vcs-git/lib/git4idea-rt.jar;D:/android studio 2024/lib/externalProcess-rt.jar
Launcher Type: SUN_STANDARD

[Global flags]
     intx CICompilerCount                          = 12                                        {product} {ergonomic}
     uint ConcGCThreads                            = 3                                         {product} {ergonomic}
     uint G1ConcRefinementThreads                  = 13                                        {product} {ergonomic}
   size_t G1HeapRegionSize                         = 1048576                                   {product} {ergonomic}
    uintx GCDrainStackTargetSize                   = 64                                        {product} {ergonomic}
   size_t InitialHeapSize                          = 125829120                                 {product} {ergonomic}
   size_t MarkStackSize                            = 4194304                                   {product} {ergonomic}
   size_t MaxHeapSize                              = 1992294400                                {product} {ergonomic}
   size_t MinHeapDeltaBytes                        = 1048576                                   {product} {ergonomic}
   size_t MinHeapSize                              = 8388608                                   {product} {ergonomic}
    uintx NonNMethodCodeHeapSize                   = 7602480                                {pd product} {ergonomic}
    uintx NonProfiledCodeHeapSize                  = 122027880                              {pd product} {ergonomic}
    uintx ProfiledCodeHeapSize                     = 122027880                              {pd product} {ergonomic}
    uintx ReservedCodeCacheSize                    = 251658240                              {pd product} {ergonomic}
     bool SegmentedCodeCache                       = true                                      {product} {ergonomic}
   size_t SoftMaxHeapSize                          = 1992294400                             {manageable} {ergonomic}
     bool UseCompressedClassPointers               = true                           {product lp64_product} {ergonomic}
     bool UseCompressedOops                        = true                           {product lp64_product} {ergonomic}
     bool UseG1GC                                  = true                                      {product} {ergonomic}
     bool UseLargePagesIndividualAllocation        = false                                  {pd product} {ergonomic}

Logging:
Log output configuration:
 #0: stdout all=warning uptime,level,tags
 #1: stderr all=off uptime,level,tags

Environment Variables:
PATH=D:/Git/Git/mingw64/libexec/git-core;D:/Git/Git/mingw64/libexec/git-core;D:\Git\Git\mingw64\bin;D:\Git\Git\usr\bin;C:\Users\BURHAN\bin;C:\Program Files\Python311\Scripts\;C:\Program Files\Python311\;C:\Windows\system32;C:\Windows;C:\Windows\System32\Wbem;C:\Windows\System32\WindowsPowerShell\v1.0\;C:\Windows\System32\OpenSSH\;C:\Program Files (x86)\NVIDIA Corporation\PhysX\Common;C:\Program Files\NVIDIA Corporation\NVIDIA NvDLISR;C:\MinGW\bin;C:\Program Files\Java\jdk-18.0.1.1\bin;C:\WINDOWS\system32;C:\WINDOWS;C:\WINDOWS\System32\Wbem;C:\WINDOWS\System32\WindowsPowerShell\v1.0\;C:\WINDOWS\System32\OpenSSH\;C:\Program Files\nodejs\;C:\ProgramData\chocolatey\bin;D:\Git\Git\cmd;C:\Users\BURHAN\AppData\Local\Microsoft\WindowsApps;C:\Program Files\CodeBlocks\MinGW\bin;%IntelliJ IDEA Community Edition%;C:\Program Files\Azure Data Studio\bin;C:\Users\BURHAN\AppData\Roaming\npm;D:\Apps\Microsoft VS Code\bin;C:\Users\BURHAN\AppData\Local\GitHubDesktop\bin
USERNAME=BURHAN
DISPLAY=:0.0
LC_ALL=en_US.UTF-8
TERM=xterm-256color
TMPDIR=C:\Users\BURHAN\AppData\Local\Temp
OS=Windows_NT
PROCESSOR_IDENTIFIER=AMD64 Family 23 Model 96 Stepping 1, AuthenticAMD
TMP=C:\Users\BURHAN\AppData\Local\Temp
TEMP=C:\Users\BURHAN\AppData\Local\Temp



Periodic native trim disabled

JNI global refs:
JNI global refs: 0, weak refs: 0

JNI global refs memory usage: 0, weak refs: 0

Process memory usage:
Resident Set Size: 11748K (0% of 7781216K total physical memory with 930820K free physical memory)

OOME stack traces (most recent first):
Classloader memory used:


---------------  S Y S T E M  ---------------

OS:
 Windows 11 , 64 bit Build 22621 (10.0.22621.3958)
OS uptime: 0 days 19:11 hours

CPU: total 16 (initial active 16) (16 cores per cpu, 2 threads per core) family 23 model 96 stepping 1 microcode 0x0, cx8, cmov, fxsr, ht, mmx, 3dnowpref, sse, sse2, sse3, ssse3, sse4a, sse4.1, sse4.2, popcnt, lzcnt, tsc, tscinvbit, avx, avx2, aes, clmul, bmi1, bmi2, adx, sha, fma, vzeroupper, clflush, clflushopt
Processor Information for all 16 processors :
  Max Mhz: 2901, Current Mhz: 2901, Mhz Limit: 2901

Memory: 4k page, system-wide physical 7598M (909M free)
TotalPageFile size 21927M (AvailPageFile size 9M)
current process WorkingSet (physical memory assigned to process): 11M, peak: 11M
current process commit charge ("private bytes"): 70M, peak: 190M

vm_info: OpenJDK 64-Bit Server VM (17.0.11+0--11852314) for windows-amd64 JRE (17.0.11+0--11852314), built on May 16 2024 21:29:20 by "androidbuild" with MS VC++ 16.10 / 16.11 (VS2019)

END.
