#
# There is insufficient memory for the Java Runtime Environment to continue.
# Native memory allocation (malloc) failed to allocate 1566736 bytes for Chunk::new
# Possible reasons:
#   The system is out of physical RAM or swap space
#   The process is running with CompressedOops enabled, and the Java Heap may be blocking the growth of the native heap
# Possible solutions:
#   Reduce memory load on the system
#   Increase physical memory or swap space
#   Check if swap backing store is full
#   Decrease Java heap size (-Xmx/-Xms)
#   Decrease number of Java threads
#   Decrease Java thread stack sizes (-Xss)
#   Set larger code cache with -XX:ReservedCodeCacheSize=
#   JVM is running with Unscaled Compressed Oops mode in which the Java heap is
#     placed in the first 4GB address space. The Java Heap base address is the
#     maximum limit for the native heap growth. Please use -XX:HeapBaseMinAddress
#     to set the Java Heap base and to place the Java Heap above 4GB virtual address.
# This output file may be truncated or incomplete.
#
#  Out of Memory Error (arena.cpp:191), pid=1540, tid=27812
#
# JRE version: OpenJDK Runtime Environment (17.0.10) (build 17.0.10+0--11609105)
# Java VM: OpenJDK 64-Bit Server VM (17.0.10+0--11609105, mixed mode, tiered, compressed oops, compressed class ptrs, g1 gc, windows-amd64)
# No core dump will be written. Minidumps are not enabled by default on client versions of Windows
#

---------------  S U M M A R Y ------------

Command Line: --add-opens=java.base/java.util=ALL-UNNAMED --add-opens=java.base/java.lang=ALL-UNNAMED --add-opens=java.base/java.lang.invoke=ALL-UNNAMED --add-opens=java.prefs/java.util.prefs=ALL-UNNAMED --add-opens=java.base/java.nio.charset=ALL-UNNAMED --add-opens=java.base/java.net=ALL-UNNAMED --add-opens=java.base/java.util.concurrent.atomic=ALL-UNNAMED -Xmx2048m -Dfile.encoding=UTF-8 -Duser.country=IN -Duser.language=en -Duser.variant -javaagent:C:\Users\BURHAN\.gradle\wrapper\dists\gradle-8.7-bin\bhs2wmbdwecv87pi65oeuq5iu\gradle-8.7\lib\agents\gradle-instrumentation-agent-8.7.jar org.gradle.launcher.daemon.bootstrap.GradleDaemon 8.7

Host: AMD Ryzen 7 4800H with Radeon Graphics         , 16 cores, 7G,  Windows 11 , 64 bit Build 22621 (10.0.22621.3958)
Time: Sat Aug 17 16:29:16 2024 India Standard Time elapsed time: 5.077925 seconds (0d 0h 0m 5s)

---------------  T H R E A D  ---------------

Current thread (0x0000020b602f6f90):  JavaThread "C2 CompilerThread0" daemon [_thread_in_native, id=27812, stack(0x00000088d7d00000,0x00000088d7e00000)]


Current CompileTask:
C2:   5077 3208       4       jdk.internal.loader.URLClassPath::getResource (74 bytes)

Stack: [0x00000088d7d00000,0x00000088d7e00000]
Native frames: (J=compiled Java code, j=interpreted, Vv=VM code, C=native code)
V  [jvm.dll+0x688de9]
V  [jvm.dll+0x8423da]
V  [jvm.dll+0x84401e]
V  [jvm.dll+0x844683]
V  [jvm.dll+0x24be0f]
V  [jvm.dll+0xac524]
V  [jvm.dll+0xacb6c]
V  [jvm.dll+0x36bd12]
V  [jvm.dll+0x1bde16]
V  [jvm.dll+0x21dbf9]
V  [jvm.dll+0x21cec1]
V  [jvm.dll+0x1a60ad]
V  [jvm.dll+0x22cd78]
V  [jvm.dll+0x22aeb0]
V  [jvm.dll+0x7f6877]
V  [jvm.dll+0x7f0c7a]
V  [jvm.dll+0x687c65]
C  [ucrtbase.dll+0x29333]
C  [KERNEL32.DLL+0x1257d]
C  [ntdll.dll+0x5af28]


---------------  P R O C E S S  ---------------

Threads class SMR info:
_java_thread_list=0x0000020b67833c60, length=36, elements={
0x0000020b4576c7c0, 0x0000020b602dc010, 0x0000020b602bccd0, 0x0000020b602c9a80,
0x0000020b602ca450, 0x0000020b602f3720, 0x0000020b602f61f0, 0x0000020b602f6f90,
0x0000020b602f8660, 0x0000020b602fe570, 0x0000020b604a6420, 0x0000020b604534c0,
0x0000020b605bc930, 0x0000020b653525d0, 0x0000020b65352b20, 0x0000020b65c48c80,
0x0000020b662aba90, 0x0000020b66c645c0, 0x0000020b66660300, 0x0000020b6675e700,
0x0000020b6631c130, 0x0000020b6631c640, 0x0000020b6631b710, 0x0000020b66318e90,
0x0000020b663193a0, 0x0000020b6631bc20, 0x0000020b6631a2d0, 0x0000020b663198b0,
0x0000020b65353070, 0x0000020b66319dc0, 0x0000020b6631acf0, 0x0000020b6631a7e0,
0x0000020b67c2d4a0, 0x0000020b67c31670, 0x0000020b67c31160, 0x0000020b67c31b80
}

Java Threads: ( => current thread )
  0x0000020b4576c7c0 JavaThread "main" [_thread_blocked, id=19020, stack(0x00000088d7000000,0x00000088d7100000)]
  0x0000020b602dc010 JavaThread "Reference Handler" daemon [_thread_blocked, id=27860, stack(0x00000088d7700000,0x00000088d7800000)]
  0x0000020b602bccd0 JavaThread "Finalizer" daemon [_thread_blocked, id=28360, stack(0x00000088d7800000,0x00000088d7900000)]
  0x0000020b602c9a80 JavaThread "Signal Dispatcher" daemon [_thread_blocked, id=22824, stack(0x00000088d7900000,0x00000088d7a00000)]
  0x0000020b602ca450 JavaThread "Attach Listener" daemon [_thread_blocked, id=27300, stack(0x00000088d7a00000,0x00000088d7b00000)]
  0x0000020b602f3720 JavaThread "Service Thread" daemon [_thread_blocked, id=19816, stack(0x00000088d7b00000,0x00000088d7c00000)]
  0x0000020b602f61f0 JavaThread "Monitor Deflation Thread" daemon [_thread_blocked, id=11364, stack(0x00000088d7c00000,0x00000088d7d00000)]
=>0x0000020b602f6f90 JavaThread "C2 CompilerThread0" daemon [_thread_in_native, id=27812, stack(0x00000088d7d00000,0x00000088d7e00000)]
  0x0000020b602f8660 JavaThread "C1 CompilerThread0" daemon [_thread_in_native, id=25352, stack(0x00000088d7e00000,0x00000088d7f00000)]
  0x0000020b602fe570 JavaThread "Sweeper thread" daemon [_thread_blocked, id=4932, stack(0x00000088d7f00000,0x00000088d8000000)]
  0x0000020b604a6420 JavaThread "Common-Cleaner" daemon [_thread_blocked, id=2300, stack(0x00000088d8000000,0x00000088d8100000)]
  0x0000020b604534c0 JavaThread "C1 CompilerThread1" daemon [_thread_blocked, id=26828, stack(0x00000088d8100000,0x00000088d8200000)]
  0x0000020b605bc930 JavaThread "Notification Thread" daemon [_thread_blocked, id=28540, stack(0x00000088d8200000,0x00000088d8300000)]
  0x0000020b653525d0 JavaThread "C1 CompilerThread2" daemon [_thread_blocked, id=9812, stack(0x00000088d8600000,0x00000088d8700000)]
  0x0000020b65352b20 JavaThread "C1 CompilerThread3" daemon [_thread_blocked, id=21372, stack(0x00000088d8700000,0x00000088d8800000)]
  0x0000020b65c48c80 JavaThread "Daemon health stats" [_thread_blocked, id=25840, stack(0x00000088d8b00000,0x00000088d8c00000)]
  0x0000020b662aba90 JavaThread "Incoming local TCP Connector on port 57097" [_thread_in_native, id=22760, stack(0x00000088d8c00000,0x00000088d8d00000)]
  0x0000020b66c645c0 JavaThread "Daemon periodic checks" [_thread_blocked, id=28012, stack(0x00000088d8d00000,0x00000088d8e00000)]
  0x0000020b66660300 JavaThread "Daemon" [_thread_blocked, id=11760, stack(0x00000088d8e00000,0x00000088d8f00000)]
  0x0000020b6675e700 JavaThread "Handler for socket connection from /127.0.0.1:57097 to /127.0.0.1:57098" [_thread_in_native, id=22420, stack(0x00000088d8f00000,0x00000088d9000000)]
  0x0000020b6631c130 JavaThread "Cancel handler" [_thread_blocked, id=27972, stack(0x00000088d9000000,0x00000088d9100000)]
  0x0000020b6631c640 JavaThread "Daemon worker" [_thread_in_Java, id=24328, stack(0x00000088d9100000,0x00000088d9200000)]
  0x0000020b6631b710 JavaThread "Asynchronous log dispatcher for DefaultDaemonConnection: socket connection from /127.0.0.1:57097 to /127.0.0.1:57098" [_thread_blocked, id=28456, stack(0x00000088d9200000,0x00000088d9300000)]
  0x0000020b66318e90 JavaThread "Stdin handler" [_thread_blocked, id=1132, stack(0x00000088d9300000,0x00000088d9400000)]
  0x0000020b663193a0 JavaThread "Daemon client event forwarder" [_thread_blocked, id=28508, stack(0x00000088d9400000,0x00000088d9500000)]
  0x0000020b6631bc20 JavaThread "Cache worker for journal cache (C:\Users\BURHAN\.gradle\caches\journal-1)" [_thread_blocked, id=27292, stack(0x00000088d9f00000,0x00000088da000000)]
  0x0000020b6631a2d0 JavaThread "File lock request listener" [_thread_in_native, id=19376, stack(0x00000088da000000,0x00000088da100000)]
  0x0000020b663198b0 JavaThread "Cache worker for file hash cache (C:\Users\BURHAN\.gradle\caches\8.7\fileHashes)" [_thread_blocked, id=16100, stack(0x00000088d8400000,0x00000088d8500000)]
  0x0000020b65353070 JavaThread "C2 CompilerThread1" daemon [_thread_in_native, id=9712, stack(0x00000088da100000,0x00000088da200000)]
  0x0000020b66319dc0 JavaThread "Cache worker for file hash cache (D:\Found_It\.gradle\8.7\fileHashes)" [_thread_blocked, id=28592, stack(0x00000088da200000,0x00000088da300000)]
  0x0000020b6631acf0 JavaThread "File watcher server" daemon [_thread_in_native, id=23236, stack(0x00000088da300000,0x00000088da400000)]
  0x0000020b6631a7e0 JavaThread "File watcher consumer" daemon [_thread_blocked, id=21616, stack(0x00000088da400000,0x00000088da500000)]
  0x0000020b67c2d4a0 JavaThread "Cache worker for checksums cache (D:\Found_It\.gradle\8.7\checksums)" [_thread_blocked, id=25280, stack(0x00000088da500000,0x00000088da600000)]
  0x0000020b67c31670 JavaThread "Cache worker for cache directory md-supplier (C:\Users\BURHAN\.gradle\caches\8.7\md-supplier)" [_thread_blocked, id=22008, stack(0x00000088da600000,0x00000088da700000)]
  0x0000020b67c31160 JavaThread "Cache worker for cache directory md-rule (C:\Users\BURHAN\.gradle\caches\8.7\md-rule)" [_thread_blocked, id=2520, stack(0x00000088da700000,0x00000088da800000)]
  0x0000020b67c31b80 JavaThread "Cache worker for file content cache (C:\Users\BURHAN\.gradle\caches\8.7\fileContent)" [_thread_blocked, id=13556, stack(0x00000088da800000,0x00000088da900000)]

Other Threads:
  0x0000020b5f55f9f0 VMThread "VM Thread" [stack: 0x00000088d7600000,0x00000088d7700000] [id=27192]
  0x0000020b4576d450 WatcherThread [stack: 0x00000088d8300000,0x00000088d8400000] [id=8060]
  0x0000020b457c9640 GCTaskThread "GC Thread#0" [stack: 0x00000088d7100000,0x00000088d7200000] [id=22248]
  0x0000020b652a3a70 GCTaskThread "GC Thread#1" [stack: 0x00000088d8800000,0x00000088d8900000] [id=15692]
  0x0000020b6608dc70 GCTaskThread "GC Thread#2" [stack: 0x00000088d8900000,0x00000088d8a00000] [id=15252]
  0x0000020b65f6ed20 GCTaskThread "GC Thread#3" [stack: 0x00000088d8a00000,0x00000088d8b00000] [id=28280]
  0x0000020b60606070 GCTaskThread "GC Thread#4" [stack: 0x00000088d8500000,0x00000088d8600000] [id=23400]
  0x0000020b65fa6480 GCTaskThread "GC Thread#5" [stack: 0x00000088d9500000,0x00000088d9600000] [id=21528]
  0x0000020b66aa9c70 GCTaskThread "GC Thread#6" [stack: 0x00000088d9600000,0x00000088d9700000] [id=26036]
  0x0000020b66f83820 GCTaskThread "GC Thread#7" [stack: 0x00000088d9700000,0x00000088d9800000] [id=9592]
  0x0000020b66579cf0 GCTaskThread "GC Thread#8" [stack: 0x00000088d9800000,0x00000088d9900000] [id=24864]
  0x0000020b669d5e30 GCTaskThread "GC Thread#9" [stack: 0x00000088d9900000,0x00000088d9a00000] [id=11820]
  0x0000020b669d58b0 GCTaskThread "GC Thread#10" [stack: 0x00000088d9a00000,0x00000088d9b00000] [id=28172]
  0x0000020b669d63b0 GCTaskThread "GC Thread#11" [stack: 0x00000088d9b00000,0x00000088d9c00000] [id=22448]
  0x0000020b669d5b70 GCTaskThread "GC Thread#12" [stack: 0x00000088d9c00000,0x00000088d9d00000] [id=27068]
  0x0000020b457da590 ConcurrentGCThread "G1 Main Marker" [stack: 0x00000088d7200000,0x00000088d7300000] [id=15056]
  0x0000020b457dafb0 ConcurrentGCThread "G1 Conc#0" [stack: 0x00000088d7300000,0x00000088d7400000] [id=4252]
  0x0000020b669d6bf0 ConcurrentGCThread "G1 Conc#1" [stack: 0x00000088d9d00000,0x00000088d9e00000] [id=4216]
  0x0000020b669d6670 ConcurrentGCThread "G1 Conc#2" [stack: 0x00000088d9e00000,0x00000088d9f00000] [id=20572]
  0x0000020b45819d60 ConcurrentGCThread "G1 Refine#0" [stack: 0x00000088d7400000,0x00000088d7500000] [id=25464]
  0x0000020b4581a790 ConcurrentGCThread "G1 Service" [stack: 0x00000088d7500000,0x00000088d7600000] [id=25552]

Threads with active compile tasks:
C2 CompilerThread0     5107 3208       4       jdk.internal.loader.URLClassPath::getResource (74 bytes)
C2 CompilerThread1     5107 3490       4       java.util.HashMap::putVal (300 bytes)

VM state: not at safepoint (normal execution)

VM Mutex/Monitor currently owned by a thread: None

Heap address: 0x0000000080000000, size: 2048 MB, Compressed Oops mode: 32-bit

CDS archive(s) not mapped
Compressed class space mapped at: 0x0000000100000000-0x0000000140000000, reserved size: 1073741824
Narrow klass base: 0x0000000000000000, Narrow klass shift: 3, Narrow klass range: 0x140000000

GC Precious Log:
 CPUs: 16 total, 16 available
 Memory: 7598M
 Large Page Support: Disabled
 NUMA Support: Disabled
 Compressed Oops: Enabled (32-bit)
 Heap Region Size: 1M
 Heap Min Capacity: 8M
 Heap Initial Capacity: 120M
 Heap Max Capacity: 2G
 Pre-touch: Disabled
 Parallel Workers: 13
 Concurrent Workers: 3
 Concurrent Refinement Workers: 13
 Periodic GC: Disabled

Heap:
 garbage-first heap   total 68608K, used 46061K [0x0000000080000000, 0x0000000100000000)
  region size 1024K, 25 young (25600K), 2 survivors (2048K)
 Metaspace       used 41040K, committed 41408K, reserved 1114112K
  class space    used 5444K, committed 5632K, reserved 1048576K

Heap Regions: E=young(eden), S=young(survivor), O=old, HS=humongous(starts), HC=humongous(continues), CS=collection set, F=free, OA=open archive, CA=closed archive, TAMS=top-at-mark-start (previous, next)
|   0|0x0000000080000000, 0x0000000080100000, 0x0000000080100000|100%|HS|  |TAMS 0x0000000080100000, 0x0000000080000000| Complete 
|   1|0x0000000080100000, 0x0000000080200000, 0x0000000080200000|100%|HC|  |TAMS 0x0000000080200000, 0x0000000080100000| Complete 
|   2|0x0000000080200000, 0x0000000080300000, 0x0000000080300000|100%|HC|  |TAMS 0x0000000080300000, 0x0000000080200000| Complete 
|   3|0x0000000080300000, 0x0000000080400000, 0x0000000080400000|100%|HC|  |TAMS 0x0000000080400000, 0x0000000080300000| Complete 
|   4|0x0000000080400000, 0x0000000080500000, 0x0000000080500000|100%| O|  |TAMS 0x0000000080500000, 0x0000000080400000| Untracked 
|   5|0x0000000080500000, 0x0000000080600000, 0x0000000080600000|100%| O|  |TAMS 0x0000000080600000, 0x0000000080500000| Untracked 
|   6|0x0000000080600000, 0x0000000080700000, 0x0000000080700000|100%| O|  |TAMS 0x0000000080700000, 0x0000000080600000| Untracked 
|   7|0x0000000080700000, 0x0000000080800000, 0x0000000080800000|100%| O|  |TAMS 0x0000000080800000, 0x0000000080700000| Untracked 
|   8|0x0000000080800000, 0x0000000080900000, 0x0000000080900000|100%| O|  |TAMS 0x0000000080900000, 0x0000000080800000| Untracked 
|   9|0x0000000080900000, 0x0000000080a00000, 0x0000000080a00000|100%| O|  |TAMS 0x0000000080a00000, 0x0000000080900000| Untracked 
|  10|0x0000000080a00000, 0x0000000080aa2000, 0x0000000080b00000| 63%| O|  |TAMS 0x0000000080aa2000, 0x0000000080a00000| Untracked 
|  11|0x0000000080b00000, 0x0000000080c00000, 0x0000000080c00000|100%| O|  |TAMS 0x0000000080c00000, 0x0000000080b00000| Untracked 
|  12|0x0000000080c00000, 0x0000000080d00000, 0x0000000080d00000|100%| O|  |TAMS 0x0000000080d00000, 0x0000000080c00000| Untracked 
|  13|0x0000000080d00000, 0x0000000080e00000, 0x0000000080e00000|100%| O|  |TAMS 0x0000000080e00000, 0x0000000080d00000| Untracked 
|  14|0x0000000080e00000, 0x0000000080f00000, 0x0000000080f00000|100%| O|  |TAMS 0x0000000080f00000, 0x0000000080e00000| Untracked 
|  15|0x0000000080f00000, 0x0000000081000000, 0x0000000081000000|100%| O|  |TAMS 0x0000000081000000, 0x0000000080f00000| Untracked 
|  16|0x0000000081000000, 0x0000000081100000, 0x0000000081100000|100%| O|  |TAMS 0x0000000081100000, 0x0000000081000000| Untracked 
|  17|0x0000000081100000, 0x0000000081200000, 0x0000000081200000|100%| O|  |TAMS 0x0000000081200000, 0x0000000081100000| Untracked 
|  18|0x0000000081200000, 0x0000000081300000, 0x0000000081300000|100%| O|  |TAMS 0x0000000081300000, 0x0000000081200000| Untracked 
|  19|0x0000000081300000, 0x0000000081400000, 0x0000000081400000|100%| O|  |TAMS 0x0000000081400000, 0x0000000081300000| Untracked 
|  20|0x0000000081400000, 0x0000000081500000, 0x0000000081500000|100%| O|  |TAMS 0x000000008147aa00, 0x0000000081400000| Untracked 
|  21|0x0000000081500000, 0x0000000081600000, 0x0000000081600000|100%| O|  |TAMS 0x0000000081500000, 0x0000000081500000| Untracked 
|  22|0x0000000081600000, 0x0000000081659c00, 0x0000000081700000| 35%| O|  |TAMS 0x0000000081600000, 0x0000000081600000| Untracked 
|  23|0x0000000081700000, 0x0000000081700000, 0x0000000081800000|  0%| F|  |TAMS 0x0000000081700000, 0x0000000081700000| Untracked 
|  24|0x0000000081800000, 0x0000000081800000, 0x0000000081900000|  0%| F|  |TAMS 0x0000000081800000, 0x0000000081800000| Untracked 
|  25|0x0000000081900000, 0x0000000081900000, 0x0000000081a00000|  0%| F|  |TAMS 0x0000000081900000, 0x0000000081900000| Untracked 
|  26|0x0000000081a00000, 0x0000000081a00000, 0x0000000081b00000|  0%| F|  |TAMS 0x0000000081a00000, 0x0000000081a00000| Untracked 
|  27|0x0000000081b00000, 0x0000000081b00000, 0x0000000081c00000|  0%| F|  |TAMS 0x0000000081b00000, 0x0000000081b00000| Untracked 
|  28|0x0000000081c00000, 0x0000000081c00000, 0x0000000081d00000|  0%| F|  |TAMS 0x0000000081c00000, 0x0000000081c00000| Untracked 
|  29|0x0000000081d00000, 0x0000000081d00000, 0x0000000081e00000|  0%| F|  |TAMS 0x0000000081d00000, 0x0000000081d00000| Untracked 
|  30|0x0000000081e00000, 0x0000000081e00000, 0x0000000081f00000|  0%| F|  |TAMS 0x0000000081e00000, 0x0000000081e00000| Untracked 
|  31|0x0000000081f00000, 0x0000000081f00000, 0x0000000082000000|  0%| F|  |TAMS 0x0000000081f00000, 0x0000000081f00000| Untracked 
|  32|0x0000000082000000, 0x0000000082000000, 0x0000000082100000|  0%| F|  |TAMS 0x0000000082000000, 0x0000000082000000| Untracked 
|  33|0x0000000082100000, 0x0000000082100000, 0x0000000082200000|  0%| F|  |TAMS 0x0000000082100000, 0x0000000082100000| Untracked 
|  34|0x0000000082200000, 0x0000000082200000, 0x0000000082300000|  0%| F|  |TAMS 0x0000000082200000, 0x0000000082200000| Untracked 
|  35|0x0000000082300000, 0x0000000082300000, 0x0000000082400000|  0%| F|  |TAMS 0x0000000082300000, 0x0000000082300000| Untracked 
|  36|0x0000000082400000, 0x0000000082400000, 0x0000000082500000|  0%| F|  |TAMS 0x0000000082400000, 0x0000000082400000| Untracked 
|  37|0x0000000082500000, 0x0000000082500000, 0x0000000082600000|  0%| F|  |TAMS 0x0000000082500000, 0x0000000082500000| Untracked 
|  38|0x0000000082600000, 0x0000000082600000, 0x0000000082700000|  0%| F|  |TAMS 0x0000000082600000, 0x0000000082600000| Untracked 
|  39|0x0000000082700000, 0x0000000082700000, 0x0000000082800000|  0%| F|  |TAMS 0x0000000082700000, 0x0000000082700000| Untracked 
|  40|0x0000000082800000, 0x0000000082800000, 0x0000000082900000|  0%| F|  |TAMS 0x0000000082800000, 0x0000000082800000| Untracked 
|  41|0x0000000082900000, 0x0000000082900000, 0x0000000082a00000|  0%| F|  |TAMS 0x0000000082900000, 0x0000000082900000| Untracked 
|  42|0x0000000082a00000, 0x0000000082a718d0, 0x0000000082b00000| 44%| E|  |TAMS 0x0000000082a00000, 0x0000000082a00000| Complete 
|  43|0x0000000082b00000, 0x0000000082c00000, 0x0000000082c00000|100%| E|CS|TAMS 0x0000000082b00000, 0x0000000082b00000| Complete 
|  44|0x0000000082c00000, 0x0000000082d00000, 0x0000000082d00000|100%| E|CS|TAMS 0x0000000082c00000, 0x0000000082c00000| Complete 
|  45|0x0000000082d00000, 0x0000000082e00000, 0x0000000082e00000|100%| E|CS|TAMS 0x0000000082d00000, 0x0000000082d00000| Complete 
|  46|0x0000000082e00000, 0x0000000082f00000, 0x0000000082f00000|100%| E|  |TAMS 0x0000000082e00000, 0x0000000082e00000| Complete 
|  47|0x0000000082f00000, 0x0000000083000000, 0x0000000083000000|100%| E|CS|TAMS 0x0000000082f00000, 0x0000000082f00000| Complete 
|  48|0x0000000083000000, 0x0000000083100000, 0x0000000083100000|100%| E|CS|TAMS 0x0000000083000000, 0x0000000083000000| Complete 
|  49|0x0000000083100000, 0x00000000831ff9b0, 0x0000000083200000| 99%| S|CS|TAMS 0x0000000083100000, 0x0000000083100000| Complete 
|  50|0x0000000083200000, 0x0000000083300000, 0x0000000083300000|100%| S|CS|TAMS 0x0000000083200000, 0x0000000083200000| Complete 
|  51|0x0000000083300000, 0x0000000083400000, 0x0000000083400000|100%| E|CS|TAMS 0x0000000083300000, 0x0000000083300000| Complete 
|  52|0x0000000083400000, 0x0000000083500000, 0x0000000083500000|100%| E|CS|TAMS 0x0000000083400000, 0x0000000083400000| Complete 
|  53|0x0000000083500000, 0x0000000083600000, 0x0000000083600000|100%| E|CS|TAMS 0x0000000083500000, 0x0000000083500000| Complete 
|  54|0x0000000083600000, 0x0000000083700000, 0x0000000083700000|100%| E|CS|TAMS 0x0000000083600000, 0x0000000083600000| Complete 
|  55|0x0000000083700000, 0x0000000083800000, 0x0000000083800000|100%| E|CS|TAMS 0x0000000083700000, 0x0000000083700000| Complete 
|  56|0x0000000083800000, 0x0000000083900000, 0x0000000083900000|100%| E|CS|TAMS 0x0000000083800000, 0x0000000083800000| Complete 
|  57|0x0000000083900000, 0x0000000083a00000, 0x0000000083a00000|100%| E|CS|TAMS 0x0000000083900000, 0x0000000083900000| Complete 
|  62|0x0000000083e00000, 0x0000000083f00000, 0x0000000083f00000|100%| E|CS|TAMS 0x0000000083e00000, 0x0000000083e00000| Complete 
|  63|0x0000000083f00000, 0x0000000084000000, 0x0000000084000000|100%| E|CS|TAMS 0x0000000083f00000, 0x0000000083f00000| Complete 
|  64|0x0000000084000000, 0x0000000084100000, 0x0000000084100000|100%| E|CS|TAMS 0x0000000084000000, 0x0000000084000000| Complete 
|  65|0x0000000084100000, 0x0000000084200000, 0x0000000084200000|100%| E|CS|TAMS 0x0000000084100000, 0x0000000084100000| Complete 
|  66|0x0000000084200000, 0x0000000084300000, 0x0000000084300000|100%| E|CS|TAMS 0x0000000084200000, 0x0000000084200000| Complete 
|  67|0x0000000084300000, 0x0000000084400000, 0x0000000084400000|100%| E|CS|TAMS 0x0000000084300000, 0x0000000084300000| Complete 
|  68|0x0000000084400000, 0x0000000084500000, 0x0000000084500000|100%| E|CS|TAMS 0x0000000084400000, 0x0000000084400000| Complete 
|  69|0x0000000084500000, 0x0000000084600000, 0x0000000084600000|100%| E|CS|TAMS 0x0000000084500000, 0x0000000084500000| Complete 
| 119|0x0000000087700000, 0x0000000087800000, 0x0000000087800000|100%| E|CS|TAMS 0x0000000087700000, 0x0000000087700000| Complete 

Card table byte_map: [0x0000020b588c0000,0x0000020b58cc0000] _byte_map_base: 0x0000020b584c0000

Marking Bits (Prev, Next): (CMBitMap*) 0x0000020b457c9c60, (CMBitMap*) 0x0000020b457c9ca0
 Prev Bits: [0x0000020b590c0000, 0x0000020b5b0c0000)
 Next Bits: [0x0000020b5b0c0000, 0x0000020b5d0c0000)

Polling page: 0x0000020b434f0000

Metaspace:

Usage:
  Non-class:     34.78 MB used.
      Class:      5.32 MB used.
       Both:     40.09 MB used.

Virtual space:
  Non-class space:       64.00 MB reserved,      35.00 MB ( 55%) committed,  1 nodes.
      Class space:        1.00 GB reserved,       5.50 MB ( <1%) committed,  1 nodes.
             Both:        1.06 GB reserved,      40.50 MB (  4%) committed. 

Chunk freelists:
   Non-Class:  12.23 MB
       Class:  10.41 MB
        Both:  22.64 MB

MaxMetaspaceSize: unlimited
CompressedClassSpaceSize: 1.00 GB
Initial GC threshold: 21.00 MB
Current GC threshold: 58.88 MB
CDS: off
MetaspaceReclaimPolicy: balanced
 - commit_granule_bytes: 65536.
 - commit_granule_words: 8192.
 - virtual_space_node_default_size: 8388608.
 - enlarge_chunks_in_place: 1.
 - new_chunks_are_fully_committed: 0.
 - uncommit_free_chunks: 1.
 - use_allocation_guard: 0.
 - handle_deallocations: 1.


Internal statistics:

num_allocs_failed_limit: 6.
num_arena_births: 298.
num_arena_deaths: 0.
num_vsnodes_births: 2.
num_vsnodes_deaths: 0.
num_space_committed: 648.
num_space_uncommitted: 0.
num_chunks_returned_to_freelist: 6.
num_chunks_taken_from_freelist: 1451.
num_chunk_merges: 6.
num_chunk_splits: 964.
num_chunks_enlarged: 686.
num_inconsistent_stats: 0.

CodeHeap 'non-profiled nmethods': size=119168Kb used=1860Kb max_used=1860Kb free=117307Kb
 bounds [0x0000020b507e0000, 0x0000020b50a50000, 0x0000020b57c40000]
CodeHeap 'profiled nmethods': size=119104Kb used=7457Kb max_used=7457Kb free=111646Kb
 bounds [0x0000020b48c40000, 0x0000020b49390000, 0x0000020b50090000]
CodeHeap 'non-nmethods': size=7488Kb used=3278Kb max_used=3322Kb free=4209Kb
 bounds [0x0000020b50090000, 0x0000020b503d0000, 0x0000020b507e0000]
 total_blobs=4131 nmethods=3477 adapters=563
 compilation: enabled
              stopped_count=0, restarted_count=0
 full_count=0

Compilation events (20 events):
Event: 5.013 Thread 0x0000020b65352b20 3456       1       java.util.TreeMap$Entry::getValue (5 bytes)
Event: 5.013 Thread 0x0000020b65352b20 nmethod 3456 0x0000020b509a4610 code [0x0000020b509a47a0, 0x0000020b509a4878]
Event: 5.013 Thread 0x0000020b65352b20 3457       3       org.codehaus.groovy.reflection.CachedClass::getName (8 bytes)
Event: 5.013 Thread 0x0000020b65352b20 nmethod 3457 0x0000020b49375490 code [0x0000020b49375640, 0x0000020b49375848]
Event: 5.015 Thread 0x0000020b65352b20 3458       1       java.lang.reflect.Field::getDeclaringClass (5 bytes)
Event: 5.015 Thread 0x0000020b65352b20 nmethod 3458 0x0000020b509a4910 code [0x0000020b509a4aa0, 0x0000020b509a4b78]
Event: 5.017 Thread 0x0000020b602f8660 3460       3       org.codehaus.groovy.reflection.CachedMethod::getReturnType (8 bytes)
Event: 5.017 Thread 0x0000020b604534c0 3461       1       groovy.lang.MetaProperty::getName (5 bytes)
Event: 5.017 Thread 0x0000020b65352b20 3462       3       java.beans.MethodRef::get (91 bytes)
Event: 5.017 Thread 0x0000020b604534c0 nmethod 3461 0x0000020b509a4c10 code [0x0000020b509a4da0, 0x0000020b509a4e78]
Event: 5.018 Thread 0x0000020b602f8660 nmethod 3460 0x0000020b49375990 code [0x0000020b49375b20, 0x0000020b49375c58]
Event: 5.018 Thread 0x0000020b65352b20 nmethod 3462 0x0000020b49375d10 code [0x0000020b49375f80, 0x0000020b49376be8]
Event: 5.018 Thread 0x0000020b65352b20 3463       3       org.codehaus.groovy.util.ComplexKeyHashMap::hash (31 bytes)
Event: 5.018 Thread 0x0000020b65352b20 nmethod 3463 0x0000020b49376f10 code [0x0000020b493770a0, 0x0000020b493771b8]
Event: 5.019 Thread 0x0000020b65352b20 3464       3       org.codehaus.groovy.util.SingleKeyHashMap::getOrPut (137 bytes)
Event: 5.019 Thread 0x0000020b65352b20 nmethod 3464 0x0000020b49377290 code [0x0000020b493774c0, 0x0000020b49378048]
Event: 5.071 Thread 0x0000020b65352b20 3465       3       java.lang.reflect.Constructor::setAccessible (21 bytes)
Event: 5.071 Thread 0x0000020b653525d0 3466       3       java.lang.reflect.Constructor::checkCanSetAccessible (29 bytes)
Event: 5.072 Thread 0x0000020b653525d0 nmethod 3466 0x0000020b49378390 code [0x0000020b49378560, 0x0000020b49378818]
Event: 5.072 Thread 0x0000020b65352b20 nmethod 3465 0x0000020b49378990 code [0x0000020b49378ba0, 0x0000020b493792d8]

GC Heap History (14 events):
Event: 1.027 GC heap before
{Heap before GC invocations=0 (full 0):
 garbage-first heap   total 122880K, used 26624K [0x0000000080000000, 0x0000000100000000)
  region size 1024K, 23 young (23552K), 0 survivors (0K)
 Metaspace       used 10362K, committed 10496K, reserved 1114112K
  class space    used 1060K, committed 1088K, reserved 1048576K
}
Event: 1.035 GC heap after
{Heap after GC invocations=1 (full 0):
 garbage-first heap   total 122880K, used 10636K [0x0000000080000000, 0x0000000100000000)
  region size 1024K, 3 young (3072K), 3 survivors (3072K)
 Metaspace       used 10362K, committed 10496K, reserved 1114112K
  class space    used 1060K, committed 1088K, reserved 1048576K
}
Event: 1.584 GC heap before
{Heap before GC invocations=1 (full 0):
 garbage-first heap   total 122880K, used 39308K [0x0000000080000000, 0x0000000100000000)
  region size 1024K, 31 young (31744K), 3 survivors (3072K)
 Metaspace       used 11529K, committed 11712K, reserved 1114112K
  class space    used 1199K, committed 1280K, reserved 1048576K
}
Event: 1.589 GC heap after
{Heap after GC invocations=2 (full 0):
 garbage-first heap   total 122880K, used 11530K [0x0000000080000000, 0x0000000100000000)
  region size 1024K, 1 young (1024K), 1 survivors (1024K)
 Metaspace       used 11529K, committed 11712K, reserved 1114112K
  class space    used 1199K, committed 1280K, reserved 1048576K
}
Event: 2.679 GC heap before
{Heap before GC invocations=2 (full 0):
 garbage-first heap   total 122880K, used 60682K [0x0000000080000000, 0x0000000100000000)
  region size 1024K, 50 young (51200K), 1 survivors (1024K)
 Metaspace       used 21249K, committed 21504K, reserved 1114112K
  class space    used 2489K, committed 2624K, reserved 1048576K
}
Event: 2.686 GC heap after
{Heap after GC invocations=3 (full 0):
 garbage-first heap   total 122880K, used 19080K [0x0000000080000000, 0x0000000100000000)
  region size 1024K, 8 young (8192K), 8 survivors (8192K)
 Metaspace       used 21249K, committed 21504K, reserved 1114112K
  class space    used 2489K, committed 2624K, reserved 1048576K
}
Event: 3.404 GC heap before
{Heap before GC invocations=4 (full 0):
 garbage-first heap   total 68608K, used 50824K [0x0000000080000000, 0x0000000100000000)
  region size 1024K, 40 young (40960K), 8 survivors (8192K)
 Metaspace       used 26319K, committed 26624K, reserved 1114112K
  class space    used 3339K, committed 3456K, reserved 1048576K
}
Event: 3.413 GC heap after
{Heap after GC invocations=5 (full 0):
 garbage-first heap   total 68608K, used 20924K [0x0000000080000000, 0x0000000100000000)
  region size 1024K, 2 young (2048K), 2 survivors (2048K)
 Metaspace       used 26319K, committed 26624K, reserved 1114112K
  class space    used 3339K, committed 3456K, reserved 1048576K
}
Event: 3.921 GC heap before
{Heap before GC invocations=5 (full 0):
 garbage-first heap   total 68608K, used 48572K [0x0000000080000000, 0x0000000100000000)
  region size 1024K, 29 young (29696K), 2 survivors (2048K)
 Metaspace       used 29938K, committed 30272K, reserved 1114112K
  class space    used 3941K, committed 4096K, reserved 1048576K
}
Event: 3.925 GC heap after
{Heap after GC invocations=6 (full 0):
 garbage-first heap   total 68608K, used 22500K [0x0000000080000000, 0x0000000100000000)
  region size 1024K, 4 young (4096K), 4 survivors (4096K)
 Metaspace       used 29938K, committed 30272K, reserved 1114112K
  class space    used 3941K, committed 4096K, reserved 1048576K
}
Event: 4.389 GC heap before
{Heap before GC invocations=6 (full 0):
 garbage-first heap   total 68608K, used 50148K [0x0000000080000000, 0x0000000100000000)
  region size 1024K, 31 young (31744K), 4 survivors (4096K)
 Metaspace       used 33465K, committed 33856K, reserved 1114112K
  class space    used 4536K, committed 4736K, reserved 1048576K
}
Event: 4.393 GC heap after
{Heap after GC invocations=7 (full 0):
 garbage-first heap   total 68608K, used 23754K [0x0000000080000000, 0x0000000100000000)
  region size 1024K, 4 young (4096K), 4 survivors (4096K)
 Metaspace       used 33465K, committed 33856K, reserved 1114112K
  class space    used 4536K, committed 4736K, reserved 1048576K
}
Event: 4.652 GC heap before
{Heap before GC invocations=7 (full 0):
 garbage-first heap   total 68608K, used 39114K [0x0000000080000000, 0x0000000100000000)
  region size 1024K, 20 young (20480K), 4 survivors (4096K)
 Metaspace       used 35712K, committed 35968K, reserved 1114112K
  class space    used 4857K, committed 4992K, reserved 1048576K
}
Event: 4.656 GC heap after
{Heap after GC invocations=8 (full 0):
 garbage-first heap   total 68608K, used 24557K [0x0000000080000000, 0x0000000100000000)
  region size 1024K, 2 young (2048K), 2 survivors (2048K)
 Metaspace       used 35712K, committed 35968K, reserved 1114112K
  class space    used 4857K, committed 4992K, reserved 1048576K
}

Dll operation events (3 events):
Event: 0.013 Loaded shared library D:\android studio 2024\jbr\bin\java.dll
Event: 0.167 Loaded shared library D:\android studio 2024\jbr\bin\zip.dll
Event: 0.720 Loaded shared library D:\android studio 2024\jbr\bin\verify.dll

Deoptimization events (20 events):
Event: 4.848 Thread 0x0000020b6631c640 Uncommon trap: trap_request=0xffffffde fr.pc=0x0000020b50999918 relative=0x00000000000033b8
Event: 4.848 Thread 0x0000020b6631c640 Uncommon trap: reason=class_check action=maybe_recompile pc=0x0000020b50999918 method=java.lang.reflect.Executable.getAnnotation(Ljava/lang/Class;)Ljava/lang/annotation/Annotation; @ 19 c2
Event: 4.848 Thread 0x0000020b6631c640 DEOPT PACKING pc=0x0000020b50999918 sp=0x00000088d91f92c0
Event: 4.848 Thread 0x0000020b6631c640 DEOPT UNPACKING pc=0x0000020b500e69a3 sp=0x00000088d91f92e8 mode 2
Event: 4.848 Thread 0x0000020b6631c640 Uncommon trap: trap_request=0xffffffde fr.pc=0x0000020b50999918 relative=0x00000000000033b8
Event: 4.848 Thread 0x0000020b6631c640 Uncommon trap: reason=class_check action=maybe_recompile pc=0x0000020b50999918 method=java.lang.reflect.Executable.getAnnotation(Ljava/lang/Class;)Ljava/lang/annotation/Annotation; @ 19 c2
Event: 4.848 Thread 0x0000020b6631c640 DEOPT PACKING pc=0x0000020b50999918 sp=0x00000088d91f92c0
Event: 4.848 Thread 0x0000020b6631c640 DEOPT UNPACKING pc=0x0000020b500e69a3 sp=0x00000088d91f92e8 mode 2
Event: 4.996 Thread 0x0000020b6631c640 Uncommon trap: trap_request=0xffffff54 fr.pc=0x0000020b508925b8 relative=0x00000000000012f8
Event: 4.996 Thread 0x0000020b6631c640 Uncommon trap: reason=speculate_null_assert action=make_not_entrant pc=0x0000020b508925b8 method=jdk.internal.loader.URLClassPath$JarLoader.getResource(Ljava/lang/String;ZLjava/util/Set;)Ljdk/internal/loader/Resource; @ 17 c2
Event: 4.996 Thread 0x0000020b6631c640 DEOPT PACKING pc=0x0000020b508925b8 sp=0x00000088d91f7fd0
Event: 4.996 Thread 0x0000020b6631c640 DEOPT UNPACKING pc=0x0000020b500e69a3 sp=0x00000088d91f7f68 mode 2
Event: 5.061 Thread 0x0000020b6631c640 Uncommon trap: trap_request=0xffffff45 fr.pc=0x0000020b5091e3d4 relative=0x0000000000004e14
Event: 5.061 Thread 0x0000020b6631c640 Uncommon trap: reason=unstable_if action=reinterpret pc=0x0000020b5091e3d4 method=java.lang.ClassLoader.getClassLoadingLock(Ljava/lang/String;)Ljava/lang/Object; @ 6 c2
Event: 5.061 Thread 0x0000020b6631c640 DEOPT PACKING pc=0x0000020b5091e3d4 sp=0x00000088d91f91e0
Event: 5.061 Thread 0x0000020b6631c640 DEOPT UNPACKING pc=0x0000020b500e69a3 sp=0x00000088d91f91c0 mode 2
Event: 5.072 Thread 0x0000020b6631c640 Uncommon trap: trap_request=0xffffffc6 fr.pc=0x0000020b509846ec relative=0x00000000000043cc
Event: 5.072 Thread 0x0000020b6631c640 Uncommon trap: reason=bimorphic_or_optimized_type_check action=maybe_recompile pc=0x0000020b509846ec method=java.net.URL.<init>(Ljava/net/URL;Ljava/lang/String;Ljava/net/URLStreamHandler;)V @ 504 c2
Event: 5.072 Thread 0x0000020b6631c640 DEOPT PACKING pc=0x0000020b509846ec sp=0x00000088d91f8910
Event: 5.072 Thread 0x0000020b6631c640 DEOPT UNPACKING pc=0x0000020b500e69a3 sp=0x00000088d91f88b0 mode 2

Classes unloaded (0 events):
No events

Classes redefined (0 events):
No events

Internal exceptions (20 events):
Event: 4.205 Thread 0x0000020b6631c640 Exception <a 'java/lang/NoSuchMethodError'{0x0000000083321550}: 'java.lang.Object java.lang.invoke.DirectMethodHandle$Holder.invokeSpecialIFC(java.lang.Object, java.lang.Object, java.lang.Object, java.lang.Object)'> (0x0000000083321550) 
thrown [s\src\hotspot\share\interpreter\linkResolver.cpp, line 771]
Event: 4.211 Thread 0x0000020b6631c640 Exception <a 'java/lang/NoSuchMethodError'{0x00000000833a5828}: 'java.lang.Object java.lang.invoke.DirectMethodHandle$Holder.newInvokeSpecial(java.lang.Object, java.lang.Object, java.lang.Object, java.lang.Object, java.lang.Object, java.lang.Object, java.lang.Object, java.lang.Object, java.lang.Object, java.lang.Object)'> (0x00000000833a5828) 
thrown [s\src\hotspot\share\interpreter\linkResolver.cpp, line 771]
Event: 4.211 Thread 0x0000020b6631c640 Exception <a 'java/lang/NoSuchMethodError'{0x00000000833aa710}: 'java.lang.Object java.lang.invoke.Invokers$Holder.linkToTargetMethod(java.lang.Object, java.lang.Object, java.lang.Object, java.lang.Object, java.lang.Object, java.lang.Object, java.lang.Object, java.lang.Object, java.lang.Object, java.lang.Object)'> (0x00000000833aa710) 
thrown [s\src\hotspot\share\interpreter\linkResolver.cpp, line 771]
Event: 4.216 Thread 0x0000020b6631c640 Exception <a 'java/lang/NoSuchMethodError'{0x00000000832237c8}: 'java.lang.Object java.lang.invoke.DirectMethodHandle$Holder.newInvokeSpecial(java.lang.Object, java.lang.Object, java.lang.Object, java.lang.Object, java.lang.Object, java.lang.Object, java.lang.Object, java.lang.Object, java.lang.Object, java.lang.Object, java.lang.Object)'> (0x00000000832237c8) 
thrown [s\src\hotspot\share\interpreter\linkResolver.cpp, line 771]
Event: 4.217 Thread 0x0000020b6631c640 Exception <a 'java/lang/NoSuchMethodError'{0x0000000083229300}: 'java.lang.Object java.lang.invoke.DirectMethodHandle$Holder.invokeSpecial(java.lang.Object, java.lang.Object, java.lang.Object, java.lang.Object, java.lang.Object, java.lang.Object, java.lang.Object, java.lang.Object, java.lang.Object, java.lang.Object, java.lang.Object, java.lang.Object)'> (0x0000000083229300) 
thrown [s\src\hotspot\share\interpreter\linkResolver.cpp, line 771]
Event: 4.217 Thread 0x0000020b6631c640 Exception <a 'java/lang/NoSuchMethodError'{0x000000008322e998}: 'java.lang.Object java.lang.invoke.Invokers$Holder.linkToTargetMethod(java.lang.Object, java.lang.Object, java.lang.Object, java.lang.Object, java.lang.Object, java.lang.Object, java.lang.Object, java.lang.Object, java.lang.Object, java.lang.Object, java.lang.Object)'> (0x000000008322e998) 
thrown [s\src\hotspot\share\interpreter\linkResolver.cpp, line 771]
Event: 4.303 Thread 0x0000020b6631c640 Implicit null exception at 0x0000020b5084498f to 0x0000020b50844ecc
Event: 4.347 Thread 0x0000020b6631c640 Exception <a 'java/lang/NoSuchMethodError'{0x0000000082a84368}: 'java.lang.Object java.lang.invoke.DirectMethodHandle$Holder.newInvokeSpecial(java.lang.Object, java.lang.Object, int, int)'> (0x0000000082a84368) 
thrown [s\src\hotspot\share\interpreter\linkResolver.cpp, line 771]
Event: 4.776 Thread 0x0000020b6631c640 Exception <a 'java/lang/NoSuchMethodError'{0x000000008419f2b0}: 'void java.lang.invoke.DirectMethodHandle$Holder.invokeStaticInit(java.lang.Object, java.lang.Object, java.lang.Object)'> (0x000000008419f2b0) 
thrown [s\src\hotspot\share\interpreter\linkResolver.cpp, line 771]
Event: 4.776 Thread 0x0000020b6631c640 Exception <a 'java/lang/NoSuchMethodError'{0x00000000841a6ab8}: 'void java.lang.invoke.DirectMethodHandle$Holder.invokeStaticInit(java.lang.Object, java.lang.Object, java.lang.Object, java.lang.Object)'> (0x00000000841a6ab8) 
thrown [s\src\hotspot\share\interpreter\linkResolver.cpp, line 771]
Event: 4.779 Thread 0x0000020b6631c640 Exception <a 'java/lang/NoSuchMethodError'{0x00000000841c8ab8}: 'void java.lang.invoke.DirectMethodHandle$Holder.invokeStaticInit(java.lang.Object, java.lang.Object, java.lang.Object, java.lang.Object, java.lang.Object)'> (0x00000000841c8ab8) 
thrown [s\src\hotspot\share\interpreter\linkResolver.cpp, line 771]
Event: 4.780 Thread 0x0000020b6631c640 Exception <a 'java/lang/NoSuchMethodError'{0x00000000841d0880}: 'int java.lang.invoke.DirectMethodHandle$Holder.invokeStaticInit(java.lang.Object, java.lang.Object, java.lang.Object)'> (0x00000000841d0880) 
thrown [s\src\hotspot\share\interpreter\linkResolver.cpp, line 771]
Event: 4.789 Thread 0x0000020b6631c640 Exception <a 'java/lang/NoSuchMethodError'{0x0000000084027a50}: 'int java.lang.invoke.DirectMethodHandle$Holder.invokeStaticInit(java.lang.Object, java.lang.Object, java.lang.Object, java.lang.Object)'> (0x0000000084027a50) 
thrown [s\src\hotspot\share\interpreter\linkResolver.cpp, line 771]
Event: 4.997 Thread 0x0000020b6631c640 Exception <a 'java/lang/ClassNotFoundException'{0x000000008338cac8}: groovy/lang/ExpandoMetaClassBeanInfo> (0x000000008338cac8) 
thrown [s\src\hotspot\share\classfile\systemDictionary.cpp, line 256]
Event: 4.998 Thread 0x0000020b6631c640 Exception <a 'java/lang/ClassNotFoundException'{0x00000000833a36a0}: groovy/lang/MetaClassImplBeanInfo> (0x00000000833a36a0) 
thrown [s\src\hotspot\share\classfile\systemDictionary.cpp, line 256]
Event: 4.999 Thread 0x0000020b6631c640 Exception <a 'java/lang/ClassNotFoundException'{0x00000000833a87d8}: java/lang/ObjectBeanInfo> (0x00000000833a87d8) 
thrown [s\src\hotspot\share\classfile\systemDictionary.cpp, line 256]
Event: 5.000 Thread 0x0000020b6631c640 Exception <a 'java/lang/ClassNotFoundException'{0x00000000833aeb48}: java/lang/ObjectCustomizer> (0x00000000833aeb48) 
thrown [s\src\hotspot\share\classfile\systemDictionary.cpp, line 256]
Event: 5.005 Thread 0x0000020b6631c640 Exception <a 'java/lang/IncompatibleClassChangeError'{0x00000000833be578}: Found class java.lang.Object, but interface was expected> (0x00000000833be578) 
thrown [s\src\hotspot\share\interpreter\linkResolver.cpp, line 838]
Event: 5.009 Thread 0x0000020b6631c640 Exception <a 'java/lang/ClassNotFoundException'{0x00000000833e3f00}: groovy/lang/MetaClassImplCustomizer> (0x00000000833e3f00) 
thrown [s\src\hotspot\share\classfile\systemDictionary.cpp, line 256]
Event: 5.011 Thread 0x0000020b6631c640 Exception <a 'java/lang/ClassNotFoundException'{0x000000008301a890}: groovy/lang/ExpandoMetaClassCustomizer> (0x000000008301a890) 
thrown [s\src\hotspot\share\classfile\systemDictionary.cpp, line 256]

VM Operations (20 events):
Event: 4.388 Executing VM operation: G1CollectForAllocation
Event: 4.393 Executing VM operation: G1CollectForAllocation done
Event: 4.535 Executing VM operation: HandshakeAllThreads
Event: 4.535 Executing VM operation: HandshakeAllThreads done
Event: 4.597 Executing VM operation: HandshakeAllThreads
Event: 4.597 Executing VM operation: HandshakeAllThreads done
Event: 4.651 Executing VM operation: CollectForMetadataAllocation
Event: 4.656 Executing VM operation: CollectForMetadataAllocation done
Event: 4.667 Executing VM operation: G1PauseRemark
Event: 4.669 Executing VM operation: G1PauseRemark done
Event: 4.673 Executing VM operation: G1PauseCleanup
Event: 4.673 Executing VM operation: G1PauseCleanup done
Event: 4.732 Executing VM operation: HandshakeAllThreads
Event: 4.732 Executing VM operation: HandshakeAllThreads done
Event: 4.929 Executing VM operation: HandshakeAllThreads
Event: 4.929 Executing VM operation: HandshakeAllThreads done
Event: 5.073 Executing VM operation: HandshakeAllThreads
Event: 5.073 Executing VM operation: HandshakeAllThreads done
Event: 5.073 Executing VM operation: HandshakeAllThreads
Event: 5.073 Executing VM operation: HandshakeAllThreads done

Events (20 events):
Event: 5.065 loading class java/nio/file/spi/FileSystemProvider$1
Event: 5.065 loading class java/nio/file/spi/FileSystemProvider$1 done
Event: 5.067 loading class java/nio/file/FileSystemNotFoundException
Event: 5.067 loading class java/nio/file/FileSystemNotFoundException done
Event: 5.069 loading class java/nio/file/ProviderMismatchException
Event: 5.069 loading class java/nio/file/ProviderMismatchException done
Event: 5.070 loading class java/nio/channels/AsynchronousFileChannel
Event: 5.070 loading class java/nio/channels/AsynchronousChannel
Event: 5.070 loading class java/nio/channels/AsynchronousChannel done
Event: 5.070 loading class java/nio/channels/AsynchronousFileChannel done
Event: 5.070 loading class java/nio/file/FileStore
Event: 5.070 loading class java/nio/file/FileStore done
Event: 5.070 loading class jdk/internal/jrtfs/JrtFileSystemProvider
Event: 5.071 loading class jdk/internal/jrtfs/JrtFileSystemProvider done
Event: 5.072 loading class sun/net/www/protocol/jrt/JavaRuntimeURLConnection
Event: 5.072 loading class sun/net/www/protocol/jrt/JavaRuntimeURLConnection done
Event: 5.072 loading class sun/net/www/protocol/jrt/JavaRuntimeURLConnection$1
Event: 5.072 loading class sun/net/www/protocol/jrt/JavaRuntimeURLConnection$1 done
Event: 5.074 loading class sun/nio/fs/WindowsLinkSupport
Event: 5.075 loading class sun/nio/fs/WindowsLinkSupport done


Dynamic libraries:
0x00007ff7db7d0000 - 0x00007ff7db7da000 	D:\android studio 2024\jbr\bin\java.exe
0x00007ffb194b0000 - 0x00007ffb196c7000 	C:\WINDOWS\SYSTEM32\ntdll.dll
0x00007ffb18530000 - 0x00007ffb185f4000 	C:\WINDOWS\System32\KERNEL32.DLL
0x00007ffb169e0000 - 0x00007ffb16d8d000 	C:\WINDOWS\System32\KERNELBASE.dll
0x00007ffb16ff0000 - 0x00007ffb17101000 	C:\WINDOWS\System32\ucrtbase.dll
0x00007ffb0bd10000 - 0x00007ffb0bd27000 	D:\android studio 2024\jbr\bin\jli.dll
0x00007ffb0bef0000 - 0x00007ffb0bf0b000 	D:\android studio 2024\jbr\bin\VCRUNTIME140.dll
0x00007ffb18920000 - 0x00007ffb18ace000 	C:\WINDOWS\System32\USER32.dll
0x00007ffb17110000 - 0x00007ffb17136000 	C:\WINDOWS\System32\win32u.dll
0x00007ffb18150000 - 0x00007ffb18179000 	C:\WINDOWS\System32\GDI32.dll
0x00007ffb16e10000 - 0x00007ffb16f29000 	C:\WINDOWS\System32\gdi32full.dll
0x00007ffb0df60000 - 0x00007ffb0e1f3000 	C:\WINDOWS\WinSxS\amd64_microsoft.windows.common-controls_6595b64144ccf1df_6.0.22621.3672_none_2713b9d173822955\COMCTL32.dll
0x00007ffb17140000 - 0x00007ffb171da000 	C:\WINDOWS\System32\msvcp_win.dll
0x00007ffb18870000 - 0x00007ffb18917000 	C:\WINDOWS\System32\msvcrt.dll
0x00007ffb18180000 - 0x00007ffb181b1000 	C:\WINDOWS\System32\IMM32.DLL
0x00007ffb0c060000 - 0x00007ffb0c06c000 	D:\android studio 2024\jbr\bin\vcruntime140_1.dll
0x00007ffafb0b0000 - 0x00007ffafb13d000 	D:\android studio 2024\jbr\bin\msvcp140.dll
0x00007ffa84ff0000 - 0x00007ffa85c73000 	D:\android studio 2024\jbr\bin\server\jvm.dll
0x00007ffb187b0000 - 0x00007ffb18862000 	C:\WINDOWS\System32\ADVAPI32.dll
0x00007ffb19360000 - 0x00007ffb19409000 	C:\WINDOWS\System32\sechost.dll
0x00007ffb169b0000 - 0x00007ffb169d8000 	C:\WINDOWS\System32\bcrypt.dll
0x00007ffb181d0000 - 0x00007ffb182e4000 	C:\WINDOWS\System32\RPCRT4.dll
0x00007ffb10720000 - 0x00007ffb10754000 	C:\WINDOWS\SYSTEM32\WINMM.dll
0x00007ffb164e0000 - 0x00007ffb1652d000 	C:\WINDOWS\SYSTEM32\POWRPROF.dll
0x00007ffb10020000 - 0x00007ffb1002a000 	C:\WINDOWS\SYSTEM32\VERSION.dll
0x00007ffb04720000 - 0x00007ffb04729000 	C:\WINDOWS\SYSTEM32\WSOCK32.dll
0x00007ffb17f10000 - 0x00007ffb17f81000 	C:\WINDOWS\System32\WS2_32.dll
0x00007ffb164c0000 - 0x00007ffb164d3000 	C:\WINDOWS\SYSTEM32\UMPDC.dll
0x00007ffb15800000 - 0x00007ffb15818000 	C:\WINDOWS\SYSTEM32\kernel.appcore.dll
0x00007ffb108c0000 - 0x00007ffb108ca000 	D:\android studio 2024\jbr\bin\jimage.dll
0x00007ffb0f080000 - 0x00007ffb0f2b2000 	C:\WINDOWS\SYSTEM32\DBGHELP.DLL
0x00007ffb17350000 - 0x00007ffb176dd000 	C:\WINDOWS\System32\combase.dll
0x00007ffb17db0000 - 0x00007ffb17e87000 	C:\WINDOWS\System32\OLEAUT32.dll
0x00007ffb0e4e0000 - 0x00007ffb0e512000 	C:\WINDOWS\SYSTEM32\dbgcore.DLL
0x00007ffb16d90000 - 0x00007ffb16e0b000 	C:\WINDOWS\System32\bcryptPrimitives.dll
0x00007ffb0bd30000 - 0x00007ffb0bd3e000 	D:\android studio 2024\jbr\bin\instrument.dll
0x00007ffb10220000 - 0x00007ffb10245000 	D:\android studio 2024\jbr\bin\java.dll
0x00007ffb0fbe0000 - 0x00007ffb0fbf8000 	D:\android studio 2024\jbr\bin\zip.dll
0x00007ffb18af0000 - 0x00007ffb19358000 	C:\WINDOWS\System32\SHELL32.dll
0x00007ffb14720000 - 0x00007ffb1501e000 	C:\WINDOWS\SYSTEM32\windows.storage.dll
0x00007ffb145e0000 - 0x00007ffb1471f000 	C:\WINDOWS\SYSTEM32\wintypes.dll
0x00007ffb17f90000 - 0x00007ffb18089000 	C:\WINDOWS\System32\SHCORE.dll
0x00007ffb19410000 - 0x00007ffb1946e000 	C:\WINDOWS\System32\shlwapi.dll
0x00007ffb16700000 - 0x00007ffb16721000 	C:\WINDOWS\SYSTEM32\profapi.dll
0x00007ffb0c580000 - 0x00007ffb0c599000 	D:\android studio 2024\jbr\bin\net.dll
0x00007ffb11c20000 - 0x00007ffb11d56000 	C:\WINDOWS\SYSTEM32\WINHTTP.dll
0x00007ffb15c70000 - 0x00007ffb15cd9000 	C:\WINDOWS\system32\mswsock.dll
0x00007ffb0c2b0000 - 0x00007ffb0c2c6000 	D:\android studio 2024\jbr\bin\nio.dll
0x00007ffb0bf40000 - 0x00007ffb0bf50000 	D:\android studio 2024\jbr\bin\verify.dll
0x00007ffb04560000 - 0x00007ffb04587000 	C:\Users\BURHAN\.gradle\native\c067742578af261105cb4f569cf0c3c89f3d7b1fecec35dd04571415982c5e48\windows-amd64\native-platform.dll
0x00007ffada020000 - 0x00007ffada164000 	C:\Users\BURHAN\.gradle\native\38dada09dfb8b06ba9b0570ebf7e218e3eb74d4ef43ca46872605cf95ebc2f47\windows-amd64\native-platform-file-events.dll
0x00007ffb0c2a0000 - 0x00007ffb0c2a9000 	D:\android studio 2024\jbr\bin\management.dll
0x00007ffb0c000000 - 0x00007ffb0c00b000 	D:\android studio 2024\jbr\bin\management_ext.dll
0x00007ffb17b60000 - 0x00007ffb17b68000 	C:\WINDOWS\System32\PSAPI.DLL
0x00007ffb15ed0000 - 0x00007ffb15eeb000 	C:\WINDOWS\SYSTEM32\CRYPTSP.dll
0x00007ffb15760000 - 0x00007ffb15795000 	C:\WINDOWS\system32\rsaenh.dll
0x00007ffb15d70000 - 0x00007ffb15d98000 	C:\WINDOWS\SYSTEM32\USERENV.dll
0x00007ffb15ef0000 - 0x00007ffb15efc000 	C:\WINDOWS\SYSTEM32\CRYPTBASE.dll
0x00007ffb15280000 - 0x00007ffb152ad000 	C:\WINDOWS\SYSTEM32\IPHLPAPI.DLL
0x00007ffb18140000 - 0x00007ffb18149000 	C:\WINDOWS\System32\NSI.dll
0x00007ffb10cb0000 - 0x00007ffb10cc9000 	C:\WINDOWS\SYSTEM32\dhcpcsvc6.DLL
0x00007ffb10c90000 - 0x00007ffb10caf000 	C:\WINDOWS\SYSTEM32\dhcpcsvc.DLL
0x00007ffb152b0000 - 0x00007ffb153a8000 	C:\WINDOWS\SYSTEM32\DNSAPI.dll
0x00007ffb0c570000 - 0x00007ffb0c579000 	D:\android studio 2024\jbr\bin\extnet.dll
0x00007ffaf8c60000 - 0x00007ffaf8c68000 	C:\WINDOWS\system32\wshunix.dll

dbghelp: loaded successfully - version: 4.0.5 - missing functions: none
symbol engine: initialized successfully - sym options: 0x614 - pdb path: .;D:\android studio 2024\jbr\bin;C:\WINDOWS\SYSTEM32;C:\WINDOWS\WinSxS\amd64_microsoft.windows.common-controls_6595b64144ccf1df_6.0.22621.3672_none_2713b9d173822955;D:\android studio 2024\jbr\bin\server;C:\Users\BURHAN\.gradle\native\c067742578af261105cb4f569cf0c3c89f3d7b1fecec35dd04571415982c5e48\windows-amd64;C:\Users\BURHAN\.gradle\native\38dada09dfb8b06ba9b0570ebf7e218e3eb74d4ef43ca46872605cf95ebc2f47\windows-amd64

VM Arguments:
jvm_args: --add-opens=java.base/java.util=ALL-UNNAMED --add-opens=java.base/java.lang=ALL-UNNAMED --add-opens=java.base/java.lang.invoke=ALL-UNNAMED --add-opens=java.prefs/java.util.prefs=ALL-UNNAMED --add-opens=java.base/java.nio.charset=ALL-UNNAMED --add-opens=java.base/java.net=ALL-UNNAMED --add-opens=java.base/java.util.concurrent.atomic=ALL-UNNAMED -Xmx2048m -Dfile.encoding=UTF-8 -Duser.country=IN -Duser.language=en -Duser.variant -javaagent:C:\Users\BURHAN\.gradle\wrapper\dists\gradle-8.7-bin\bhs2wmbdwecv87pi65oeuq5iu\gradle-8.7\lib\agents\gradle-instrumentation-agent-8.7.jar 
java_command: org.gradle.launcher.daemon.bootstrap.GradleDaemon 8.7
java_class_path (initial): C:\Users\BURHAN\.gradle\wrapper\dists\gradle-8.7-bin\bhs2wmbdwecv87pi65oeuq5iu\gradle-8.7\lib\gradle-launcher-8.7.jar
Launcher Type: SUN_STANDARD

[Global flags]
     intx CICompilerCount                          = 12                                        {product} {ergonomic}
     uint ConcGCThreads                            = 3                                         {product} {ergonomic}
     uint G1ConcRefinementThreads                  = 13                                        {product} {ergonomic}
   size_t G1HeapRegionSize                         = 1048576                                   {product} {ergonomic}
    uintx GCDrainStackTargetSize                   = 64                                        {product} {ergonomic}
   size_t InitialHeapSize                          = 125829120                                 {product} {ergonomic}
   size_t MarkStackSize                            = 4194304                                   {product} {ergonomic}
   size_t MaxHeapSize                              = 2147483648                                {product} {command line}
   size_t MaxNewSize                               = 1287651328                                {product} {ergonomic}
   size_t MinHeapDeltaBytes                        = 1048576                                   {product} {ergonomic}
   size_t MinHeapSize                              = 8388608                                   {product} {ergonomic}
    uintx NonNMethodCodeHeapSize                   = 7602480                                {pd product} {ergonomic}
    uintx NonProfiledCodeHeapSize                  = 122027880                              {pd product} {ergonomic}
    uintx ProfiledCodeHeapSize                     = 122027880                              {pd product} {ergonomic}
    uintx ReservedCodeCacheSize                    = 251658240                              {pd product} {ergonomic}
     bool SegmentedCodeCache                       = true                                      {product} {ergonomic}
   size_t SoftMaxHeapSize                          = 2147483648                             {manageable} {ergonomic}
     bool UseCompressedClassPointers               = true                           {product lp64_product} {ergonomic}
     bool UseCompressedOops                        = true                           {product lp64_product} {ergonomic}
     bool UseG1GC                                  = true                                      {product} {ergonomic}
     bool UseLargePagesIndividualAllocation        = false                                  {pd product} {ergonomic}

Logging:
Log output configuration:
 #0: stdout all=warning uptime,level,tags
 #1: stderr all=off uptime,level,tags

Environment Variables:
PATH=C:\Program Files\Python311\Scripts\;C:\Program Files\Python311\;C:\Windows\system32;C:\Windows;C:\Windows\System32\Wbem;C:\Windows\System32\WindowsPowerShell\v1.0\;C:\Windows\System32\OpenSSH\;C:\Program Files (x86)\NVIDIA Corporation\PhysX\Common;C:\Program Files\NVIDIA Corporation\NVIDIA NvDLISR;C:\MinGW\bin;C:\Program Files\Java\jdk-18.0.1.1\bin;C:\WINDOWS\system32;C:\WINDOWS;C:\WINDOWS\System32\Wbem;C:\WINDOWS\System32\WindowsPowerShell\v1.0\;C:\WINDOWS\System32\OpenSSH\;C:\Program Files\nodejs\;C:\ProgramData\chocolatey\bin;D:\Git\Git\cmd;C:\Users\BURHAN\AppData\Local\Microsoft\WindowsApps;C:\Program Files\CodeBlocks\MinGW\bin;%IntelliJ IDEA Community Edition%;C:\Program Files\Azure Data Studio\bin;C:\Users\BURHAN\AppData\Roaming\npm;D:\Apps\Microsoft VS Code\bin;C:\Users\BURHAN\AppData\Local\GitHubDesktop\bin
USERNAME=BURHAN
OS=Windows_NT
PROCESSOR_IDENTIFIER=AMD64 Family 23 Model 96 Stepping 1, AuthenticAMD
TMP=C:\Users\BURHAN\AppData\Local\Temp
TEMP=C:\Users\BURHAN\AppData\Local\Temp



Periodic native trim disabled

JNI global refs:
JNI global refs: 33, weak refs: 9

JNI global refs memory usage: 843, weak refs: 841

OOME stack traces (most recent first):
Classloader memory used:
Loader org.gradle.internal.classloader.VisitableURLClassLoader                         : 2316K
Loader bootstrap                                                                       : 2248K
Loader org.gradle.initialization.MixInLegacyTypesClassLoader                           : 484K
Loader jdk.internal.loader.ClassLoaders$PlatformClassLoader                            : 65214B
Loader jdk.internal.loader.ClassLoaders$AppClassLoader                                 : 28764B
Loader jdk.internal.reflect.DelegatingClassLoader                                      : 4421B

Classes loaded by more than one classloader:
Class org.gradle.internal.installation.GradleInstallation                             : loaded 2 times (x 73B)
Class org.gradle.internal.classpath.ClassPath                                         : loaded 2 times (x 68B)
Class org.gradle.api.internal.classpath.DefaultModuleRegistry                         : loaded 2 times (x 84B)
Class org.gradle.api.Action                                                           : loaded 2 times (x 68B)
Class org.gradle.api.internal.DefaultClassPathProvider                                : loaded 2 times (x 74B)
Class org.gradle.internal.installation.GradleInstallation$1                           : loaded 2 times (x 73B)
Class org.gradle.internal.classloader.FilteringClassLoader                            : loaded 2 times (x 103B)
Class org.gradle.internal.classpath.DefaultClassPath$ImmutableUniqueList$Builder      : loaded 2 times (x 73B)
Class org.gradle.internal.classloader.ClassLoaderVisitor                              : loaded 2 times (x 74B)
Class org.gradle.internal.service.DefaultServiceLocator                               : loaded 2 times (x 81B)
Class org.gradle.internal.service.UnknownServiceException                             : loaded 2 times (x 81B)
Class org.gradle.internal.classloader.DefaultClassLoaderFactory                       : loaded 2 times (x 80B)
Class org.gradle.internal.classloader.VisitableURLClassLoader$Spec                    : loaded 2 times (x 72B)
Class org.gradle.api.GradleException                                                  : loaded 2 times (x 80B)
Class org.gradle.api.internal.classpath.ModuleRegistry                                : loaded 2 times (x 68B)
Class org.gradle.api.internal.ClassPathProvider                                       : loaded 2 times (x 68B)
Class org.gradle.internal.classloader.ClasspathUtil$1                                 : loaded 2 times (x 74B)
Class org.gradle.internal.classloader.ClassLoaderFactory                              : loaded 2 times (x 68B)
Class org.gradle.api.internal.classpath.ManifestUtil                                  : loaded 2 times (x 69B)
Class org.gradle.api.specs.Spec                                                       : loaded 2 times (x 68B)
Class org.gradle.internal.IoActions                                                   : loaded 2 times (x 69B)
Class org.gradle.api.internal.classpath.EffectiveClassPath                            : loaded 2 times (x 88B)
Class org.gradle.internal.installation.CurrentGradleInstallation                      : loaded 2 times (x 71B)
Class org.gradle.internal.agents.InstrumentingClassLoader                             : loaded 2 times (x 68B)
Class org.gradle.internal.installation.CurrentGradleInstallationLocator               : loaded 2 times (x 69B)
Class org.gradle.api.internal.classpath.Module                                        : loaded 2 times (x 68B)
Class org.gradle.internal.service.CachingServiceLocator                               : loaded 2 times (x 80B)
Class org.gradle.internal.classpath.DefaultClassPath                                  : loaded 2 times (x 88B)
Class org.gradle.internal.classloader.SystemClassLoaderSpec                           : loaded 2 times (x 69B)
Class org.gradle.api.UncheckedIOException                                             : loaded 2 times (x 80B)
Class org.gradle.internal.classloader.ClasspathUtil                                   : loaded 2 times (x 69B)
Class org.gradle.api.internal.DefaultClassPathRegistry                                : loaded 2 times (x 74B)
Class org.gradle.api.internal.classpath.DefaultModuleRegistry$DefaultModule           : loaded 2 times (x 84B)
Class org.gradle.api.internal.classpath.UnknownModuleException                        : loaded 2 times (x 80B)
Class org.gradle.internal.service.ServiceLookupException                              : loaded 2 times (x 80B)
Class org.gradle.cache.GlobalCache                                                    : loaded 2 times (x 68B)
Class [Lorg.gradle.api.internal.ClassPathProvider;                                    : loaded 2 times (x 67B)
Class org.gradle.util.internal.GUtil                                                  : loaded 2 times (x 69B)
Class org.gradle.internal.classloader.ClassLoaderSpec                                 : loaded 2 times (x 69B)
Class org.gradle.internal.classloader.VisitableURLClassLoader                         : loaded 2 times (x 115B)
Class org.gradle.internal.Cast                                                        : loaded 2 times (x 69B)
Class org.gradle.api.internal.ClassPathRegistry                                       : loaded 2 times (x 68B)
Class org.gradle.internal.classloader.VisitableURLClassLoader$InstrumentingVisitableURLClassLoader: loaded 2 times (x 121B)
Class org.gradle.internal.classloader.ClassLoaderHierarchy                            : loaded 2 times (x 68B)
Class org.gradle.internal.InternalTransformer                                         : loaded 2 times (x 68B)
Class org.gradle.internal.service.ServiceLocator                                      : loaded 2 times (x 68B)
Class org.gradle.internal.classpath.DefaultClassPath$ImmutableUniqueList              : loaded 2 times (x 159B)
Class org.gradle.internal.classpath.TransformedClassPath                              : loaded 2 times (x 94B)


---------------  S Y S T E M  ---------------

OS:
 Windows 11 , 64 bit Build 22621 (10.0.22621.3958)
OS uptime: 2 days 15:37 hours

CPU: total 16 (initial active 16) (16 cores per cpu, 2 threads per core) family 23 model 96 stepping 1 microcode 0x0, cx8, cmov, fxsr, ht, mmx, 3dnowpref, sse, sse2, sse3, ssse3, sse4a, sse4.1, sse4.2, popcnt, lzcnt, tsc, tscinvbit, avx, avx2, aes, clmul, bmi1, bmi2, adx, sha, fma, vzeroupper, clflush, clflushopt
Processor Information for all 16 processors :
  Max Mhz: 2901, Current Mhz: 2901, Mhz Limit: 2901

Memory: 4k page, system-wide physical 7598M (438M free)
TotalPageFile size 21927M (AvailPageFile size 16M)
current process WorkingSet (physical memory assigned to process): 214M, peak: 221M
current process commit charge ("private bytes"): 264M, peak: 273M

vm_info: OpenJDK 64-Bit Server VM (17.0.10+0--11609105) for windows-amd64 JRE (17.0.10+0--11609105), built on Mar 21 2024 19:10:56 by "androidbuild" with MS VC++ 16.10 / 16.11 (VS2019)

END.
